[2025-11-08 14:56:46] [INFO ] TextReaderImpl - file readed
[2025-11-08 15:02:02] [INFO ] TextReaderImpl - file readed
[2025-11-08 15:02:02] [INFO ] Main -     It has survived not only five centuries, but also the leap into electronic
typesetting, remaining essentially unchanged. It was popularised in the with the
release of Letraset sheets containing Lorem Ipsum passages, and more recently with
desktop publishing software like Aldus PageMaker including versions of Lorem Ipsum.
    It is a long established fact that a reader will be distracted by the readable
content of a page when looking at its layout. The point of using Ipsum is that it has a
more-or-less normal distribution of letters, as opposed to using 'Content here, content
here', making it look like readable English.
    It is a established fact that a reader will be of a page when looking at its
layout.
    Bye.
[2025-11-10 16:28:57] [INFO ] TextReaderImpl - file readed
[2025-11-10 16:28:57] [INFO ] Main -     It has survived not only five centuries, but also the leap into electronic
typesetting, remaining essentially unchanged. It was popularised in the with the
release of Letraset sheets containing Lorem Ipsum passages, and more recently with
desktop publishing software like Aldus PageMaker including versions of Lorem Ipsum.
    It is a long established fact that a reader will be distracted by the readable
content of a page when looking at its layout. The point of using Ipsum is that it has a
more-or-less normal distribution of letters, as opposed to using 'Content here, content
here', making it look like readable English.
    It is a established fact that a reader will be of a page when looking at its
layout.
    Bye.
[2025-11-10 18:02:54] [INFO ] TextReaderImpl - file readed
[2025-11-10 18:02:54] [INFO ] Main -     It has survived not only five centuries, but also the leap into electronic
typesetting, remaining essentially unchanged. It was popularised in the with the
release of Letraset sheets containing Lorem Ipsum passages, and more recently with
desktop publishing software like Aldus PageMaker including versions of Lorem Ipsum.
    It is a long established fact that a reader will be distracted by the readable
content of a page when looking at its layout. The point of using Ipsum is that it has a
more-or-less normal distribution of letters, as opposed to using 'Content here, content
here', making it look like readable English.
    It is a established fact that a reader will be of a page when looking at its
layout.
    Bye.
[2025-11-10 18:03:43] [INFO ] TextReaderImpl - file readed
[2025-11-10 18:03:43] [INFO ] Main -     It has survived not only five centuries, but also the leap into electronic
typesetting, remaining essentially unchanged. It was popularised in the with the
release of Letraset sheets containing Lorem Ipsum passages, and more recently with
desktop publishing software like Aldus PageMaker including versions of Lorem Ipsum.
    It is a long established fact that a reader will be distracted by the readable
content of a page when looking at its layout. The point of using Ipsum is that it has a
more-or-less normal distribution of letters, as opposed to using 'Content here, content
here', making it look like readable English.
    It is a established fact that a reader will be of a page when looking at its
layout.
    Bye.
[2025-11-10 18:04:21] [INFO ] TextReaderImpl - file readed
[2025-11-10 18:04:21] [INFO ] Main -     It has survived not only five centuries, but also the leap into electronic
typesetting, remaining essentially unchanged. It was popularised in the with the
release of Letraset sheets containing Lorem Ipsum passages, and more recently with
desktop publishing software like Aldus PageMaker including versions of Lorem Ipsum.
    It is a long established fact that a reader will be distracted by the readable
content of a page when looking at its layout. The point of using Ipsum is that it has a
more-or-less normal distribution of letters, as opposed to using 'Content here, content
here', making it look like readable English.
    It is a established fact that a reader will be of a page when looking at its
layout.
    Bye.
[2025-11-10 18:04:21] [INFO ] Main - 

[2025-11-10 18:04:32] [INFO ] TextReaderImpl - file readed
[2025-11-10 18:04:53] [INFO ] TextReaderImpl - file readed
[2025-11-10 18:04:53] [INFO ] Main - Ithassurvivednotonlyfivecenturies,butalsotheleapintoelectronictypesetting,remainingessentiallyunchanged.ItwaspopularisedinthewiththereleaseofLetrasetsheetscontainingLoremIpsumpassages,andmorerecentlywithdesktoppublishingsoftwarelikeAldusPageMakerincludingversionsofLoremIpsum.Itisalongestablishedfactthatareaderwillbedistractedbythereadablecontentofapagewhenlookingatitslayout.ThepointofusingIpsumisthatithasamore-or-lessnormaldistributionofletters,asopposedtousing'Contenthere,contenthere',makingitlooklikereadableEnglish.Itisaestablishedfactthatareaderwillbeofapagewhenlookingatitslayout.Bye.
[2025-11-10 18:07:18] [INFO ] TextReaderImpl - file readed
[2025-11-10 18:07:18] [INFO ] Main - I
t

h
a
s

s
u
r
v
i
v
e
d

n
o
t

o
n
l
y

f
i
v
e

c
e
n
t
u
r
i
e
s
,

b
u
t

a
l
s
o

t
h
e

l
e
a
p

i
n
t
o

e
l
e
c
t
r
o
n
i
c


t
y
p
e
s
e
t
t
i
n
g
,

r
e
m
a
i
n
i
n
g

e
s
s
e
n
t
i
a
l
l
y

u
n
c
h
a
n
g
e
d
.

I
t

w
a
s

p
o
p
u
l
a
r
i
s
e
d

i
n

t
h
e

w
i
t
h

t
h
e


r
e
l
e
a
s
e

o
f

L
e
t
r
a
s
e
t

s
h
e
e
t
s

c
o
n
t
a
i
n
i
n
g

L
o
r
e
m

I
p
s
u
m

p
a
s
s
a
g
e
s
,

a
n
d

m
o
r
e

r
e
c
e
n
t
l
y

w
i
t
h


d
e
s
k
t
o
p

p
u
b
l
i
s
h
i
n
g

s
o
f
t
w
a
r
e

l
i
k
e

A
l
d
u
s

P
a
g
e
M
a
k
e
r

i
n
c
l
u
d
i
n
g

v
e
r
s
i
o
n
s

o
f

L
o
r
e
m

I
p
s
u
m
.






I
t

i
s

a

l
o
n
g

e
s
t
a
b
l
i
s
h
e
d

f
a
c
t

t
h
a
t

a

r
e
a
d
e
r

w
i
l
l

b
e

d
i
s
t
r
a
c
t
e
d

b
y

t
h
e

r
e
a
d
a
b
l
e


c
o
n
t
e
n
t

o
f

a

p
a
g
e

w
h
e
n

l
o
o
k
i
n
g

a
t

i
t
s

l
a
y
o
u
t
.

T
h
e

p
o
i
n
t

o
f

u
s
i
n
g

I
p
s
u
m

i
s

t
h
a
t

i
t

h
a
s

a


m
o
r
e
-
o
r
-
l
e
s
s

n
o
r
m
a
l

d
i
s
t
r
i
b
u
t
i
o
n

o
f

l
e
t
t
e
r
s
,

a
s

o
p
p
o
s
e
d

t
o

u
s
i
n
g

'
C
o
n
t
e
n
t

h
e
r
e
,

c
o
n
t
e
n
t


h
e
r
e
'
,

m
a
k
i
n
g

i
t

l
o
o
k

l
i
k
e

r
e
a
d
a
b
l
e

E
n
g
l
i
s
h
.






I
t

i
s

a

e
s
t
a
b
l
i
s
h
e
d

f
a
c
t

t
h
a
t

a

r
e
a
d
e
r

w
i
l
l

b
e

o
f

a

p
a
g
e

w
h
e
n

l
o
o
k
i
n
g

a
t

i
t
s


l
a
y
o
u
t
.






B
y
e
.
[2025-11-10 18:09:05] [INFO ] TextReaderImpl - file readed
[2025-11-10 18:09:05] [INFO ] Main - Ithassurvivednotonlyfivecenturies,butalsotheleapintoelectronictypesetting,remainingessentiallyunchanged.ItwaspopularisedinthewiththereleaseofLetrasetsheetscontainingLoremIpsumpassages,andmorerecentlywithdesktoppublishingsoftwarelikeAldusPageMakerincludingversionsofLoremIpsum.Itisalongestablishedfactthatareaderwillbedistractedbythereadablecontentofapagewhenlookingatitslayout.ThepointofusingIpsumisthatithasamore-or-lessnormaldistributionofletters,asopposedtousing'Contenthere,contenthere',makingitlooklikereadableEnglish.Itisaestablishedfactthatareaderwillbeofapagewhenlookingatitslayout.Bye.
[2025-11-10 18:10:44] [INFO ] TextReaderImpl - file readed
[2025-11-10 18:10:44] [INFO ] Main - Ithassurvivednotonlyfivecenturies,butalsotheleapintoelectronictypesetting,remainingessentiallyunchanged.ItwaspopularisedinthewiththereleaseofLetrasetsheetscontainingLoremIpsumpassages,andmorerecentlywithdesktoppublishingsoftwarelikeAldusPageMakerincludingversionsofLoremIpsum.Itisalongestablishedfactthatareaderwillbedistractedbythereadablecontentofapagewhenlookingatitslayout.ThepointofusingIpsumisthatithasamore-or-lessnormaldistributionofletters,asopposedtousing'Contenthere,contenthere',makingitlooklikereadableEnglish.Itisaestablishedfactthatareaderwillbeofapagewhenlookingatitslayout.Bye.
[2025-11-10 18:11:57] [INFO ] TextReaderImpl - file readed
[2025-11-10 18:11:57] [INFO ] Main - Ithassurvivednotonlyfivecenturies,butalsotheleapintoelectronictypesetting,remainingessentiallyunchanged.ItwaspopularisedinthewiththereleaseofLetrasetsheetscontainingLoremIpsumpassages,andmorerecentlywithdesktoppublishingsoftwarelikeAldusPageMakerincludingversionsofLoremIpsum.Itisalongestablishedfactthatareaderwillbedistractedbythereadablecontentofapagewhenlookingatitslayout.ThepointofusingIpsumisthatithasamore-or-lessnormaldistributionofletters,asopposedtousing'Contenthere,contenthere',makingitlooklikereadableEnglish.Itisaestablishedfactthatareaderwillbeofapagewhenlookingatitslayout.Bye.
[2025-11-10 18:12:21] [INFO ] TextReaderImpl - file readed
[2025-11-10 18:12:21] [INFO ] Main - Ithassurvivednotonlyfivecenturies,butalsotheleapintoelectronictypesetting,remainingessentiallyunchanged.ItwaspopularisedinthewiththereleaseofLetrasetsheetscontainingLoremIpsumpassages,andmorerecentlywithdesktoppublishingsoftwarelikeAldusPageMakerincludingversionsofLoremIpsum.Itisalongestablishedfactthatareaderwillbedistractedbythereadablecontentofapagewhenlookingatitslayout.ThepointofusingIpsumisthatithasamore-or-lessnormaldistributionofletters,asopposedtousing'Contenthere,contenthere',makingitlooklikereadableEnglish.Itisaestablishedfactthatareaderwillbeofapagewhenlookingatitslayout.Bye.
[2025-11-10 18:13:40] [INFO ] TextReaderImpl - file readed
[2025-11-10 18:13:40] [INFO ] Main - Ithassurvivednotonlyfivecenturies,butalsotheleapintoelectronictypesetting,remainingessentiallyunchanged.ItwaspopularisedinthewiththereleaseofLetrasetsheetscontainingLoremIpsumpassages,andmorerecentlywithdesktoppublishingsoftwarelikeAldusPageMakerincludingversionsofLoremIpsum.Itisalongestablishedfactthatareaderwillbedistractedbythereadablecontentofapagewhenlookingatitslayout.ThepointofusingIpsumisthatithasamore-or-lessnormaldistributionofletters,asopposedtousing'Contenthere,contenthere',makingitlooklikereadableEnglish.Itisaestablishedfactthatareaderwillbeofapagewhenlookingatitslayout.Bye.
[2025-11-10 18:13:52] [INFO ] TextReaderImpl - file readed
[2025-11-10 18:13:52] [INFO ] Main - Ithassurvivednotonlyfivecenturies,butalsotheleapintoelectronictypesetting,remainingessentiallyunchanged.ItwaspopularisedinthewiththereleaseofLetrasetsheetscontainingLoremIpsumpassages,andmorerecentlywithdesktoppublishingsoftwarelikeAldusPageMakerincludingversionsofLoremIpsum.Itisalongestablishedfactthatareaderwillbedistractedbythereadablecontentofapagewhenlookingatitslayout.ThepointofusingIpsumisthatithasamore-or-lessnormaldistributionofletters,asopposedtousing'Contenthere,contenthere',makingitlooklikereadableEnglish.Itisaestablishedfactthatareaderwillbeofapagewhenlookingatitslayout.Bye.
[2025-11-10 18:16:25] [INFO ] TextReaderImpl - file readed
[2025-11-10 18:16:25] [INFO ] Main - I t  h a s  s u r v i v e d  n o t  o n l y  f i v e  c e n t u r i e s , b u t  a l s o  t h e  l e a p  i n t o  e l e c t r o n i c   t y p e s e t t i n g , r e m a i n i n g  e s s e n t i a l l y  u n c h a n g e d . I t  w a s  p o p u l a r i s e d  i n  t h e  w i t h  t h e   r e l e a s e  o f  L e t r a s e t  s h e e t s  c o n t a i n i n g  L o r e m  I p s u m  p a s s a g e s , a n d  m o r e  r e c e n t l y  w i t h   d e s k t o p  p u b l i s h i n g  s o f t w a r e  l i k e  A l d u s  P a g e M a k e r  i n c l u d i n g  v e r s i o n s  o f  L o r e m  I p s u m .      I t  i s  a  l o n g  e s t a b l i s h e d  f a c t  t h a t  a  r e a d e r  w i l l  b e  d i s t r a c t e d  b y  t h e  r e a d a b l e   c o n t e n t  o f  a  p a g e  w h e n  l o o k i n g  a t  i t s  l a y o u t . T h e  p o i n t  o f  u s i n g  I p s u m  i s  t h a t  i t  h a s  a   m o r e - o r - l e s s  n o r m a l  d i s t r i b u t i o n  o f  l e t t e r s , a s  o p p o s e d  t o  u s i n g  ' C o n t e n t  h e r e , c o n t e n t   h e r e ' , m a k i n g  i t  l o o k  l i k e  r e a d a b l e  E n g l i s h .      I t  i s  a  e s t a b l i s h e d  f a c t  t h a t  a  r e a d e r  w i l l  b e  o f  a  p a g e  w h e n  l o o k i n g  a t  i t s   l a y o u t .      B y e .
[2025-11-10 18:17:24] [INFO ] TextReaderImpl - file readed
[2025-11-10 18:17:24] [INFO ] Main - Ithassurvivednotonlyfivecenturies,butalsotheleapintoelectronictypesetting,remainingessentiallyunchanged.ItwaspopularisedinthewiththereleaseofLetrasetsheetscontainingLoremIpsumpassages,andmorerecentlywithdesktoppublishingsoftwarelikeAldusPageMakerincludingversionsofLoremIpsum.Itisalongestablishedfactthatareaderwillbedistractedbythereadablecontentofapagewhenlookingatitslayout.ThepointofusingIpsumisthatithasamore-or-lessnormaldistributionofletters,asopposedtousing'Contenthere,contenthere',makingitlooklikereadableEnglish.Itisaestablishedfactthatareaderwillbeofapagewhenlookingatitslayout.Bye.
[2025-11-10 18:17:30] [INFO ] TextReaderImpl - file readed
[2025-11-10 18:17:30] [INFO ] Main - Ithassurvivednotonlyfivecenturies,butalsotheleapintoelectronictypesetting,remainingessentiallyunchanged.ItwaspopularisedinthewiththereleaseofLetrasetsheetscontainingLoremIpsumpassages,andmorerecentlywithdesktoppublishingsoftwarelikeAldusPageMakerincludingversionsofLoremIpsum.Itisalongestablishedfactthatareaderwillbedistractedbythereadablecontentofapagewhenlookingatitslayout.ThepointofusingIpsumisthatithasamore-or-lessnormaldistributionofletters,asopposedtousing'Contenthere,contenthere',makingitlooklikereadableEnglish.Itisaestablishedfactthatareaderwillbeofapagewhenlookingatitslayout.Bye.
